2026-03-19T21:05:29.707Z GET /api/books unauthorized
2026-03-19T21:06:51.890Z GET /api/books unexpected_error=PROFILE_RESOLUTION_FAILED
2026-03-19T21:07:21.230Z GET /api/books unexpected_error=PROFILE_RESOLUTION_FAILED
2026-03-19T21:07:24.703Z GET /api/books unexpected_error=PROFILE_RESOLUTION_FAILED
2026-03-19T21:07:32.294Z GET /api/books unexpected_error=PROFILE_RESOLUTION_FAILED
2026-03-19T21:07:32.398Z GET /api/books unexpected_error=PROFILE_RESOLUTION_FAILED
2026-03-19T21:11:17.475Z GET /api/books profile_resolution_failed
2026-03-19T21:14:40.821Z GET /api/books profile=bf5fe41d-313f-4089-be9e-0b842ddb358e
2026-03-19T21:14:40.998Z GET /api/books success count=0
2026-03-19T21:14:51.761Z GET /api/books profile=bf5fe41d-313f-4089-be9e-0b842ddb358e
2026-03-19T21:14:51.765Z GET /api/books profile=bf5fe41d-313f-4089-be9e-0b842ddb358e
2026-03-19T21:14:51.886Z GET /api/books success count=0
2026-03-19T21:14:51.890Z GET /api/books success count=0
2026-03-19T21:15:08.982Z GET /api/books profile=bf5fe41d-313f-4089-be9e-0b842ddb358e
2026-03-19T21:15:08.984Z GET /api/books profile=bf5fe41d-313f-4089-be9e-0b842ddb358e
2026-03-19T21:15:09.220Z GET /api/books success count=1
2026-03-19T21:15:09.235Z GET /api/books success count=1
2026-03-19T21:15:10.717Z GET /api/books profile=bf5fe41d-313f-4089-be9e-0b842ddb358e
2026-03-19T21:15:10.936Z GET /api/books success count=1
2026-03-19T21:15:13.123Z GET /api/books profile=bf5fe41d-313f-4089-be9e-0b842ddb358e
2026-03-19T21:15:13.144Z GET /api/books profile=bf5fe41d-313f-4089-be9e-0b842ddb358e
2026-03-19T21:15:13.321Z GET /api/books success count=1
2026-03-19T21:15:13.347Z GET /api/books success count=1
2026-03-19T21:19:03.061Z GET /api/books unauthorized
2026-03-19T21:23:46.616Z GET /api/books profile=bf5fe41d-313f-4089-be9e-0b842ddb358e
2026-03-19T21:23:46.890Z GET /api/books success count=1
2026-03-19T21:23:52.240Z GET /api/books profile=bf5fe41d-313f-4089-be9e-0b842ddb358e
2026-03-19T21:23:52.251Z GET /api/books profile=bf5fe41d-313f-4089-be9e-0b842ddb358e
2026-03-19T21:23:52.450Z GET /api/books success count=1
2026-03-19T21:23:52.475Z GET /api/books success count=1
2026-03-19T21:24:39.563Z GET /api/books profile=bf5fe41d-313f-4089-be9e-0b842ddb358e
2026-03-19T21:24:39.567Z GET /api/books profile=bf5fe41d-313f-4089-be9e-0b842ddb358e
2026-03-19T21:24:39.999Z GET /api/books success count=1
2026-03-19T21:24:40.019Z GET /api/books success count=1
2026-03-19T21:36:33.392Z GET /api/books profile=bf5fe41d-313f-4089-be9e-0b842ddb358e
2026-03-19T21:36:33.936Z GET /api/books success count=1
2026-03-19T21:38:00.273Z GET /api/books profile=bf5fe41d-313f-4089-be9e-0b842ddb358e
2026-03-19T21:38:00.604Z GET /api/books success count=1
2026-03-19T21:43:13.623Z GET /api/books profile=bf5fe41d-313f-4089-be9e-0b842ddb358e
2026-03-19T21:43:13.626Z GET /api/books profile=bf5fe41d-313f-4089-be9e-0b842ddb358e
2026-03-19T21:43:14.209Z GET /api/books success count=1
2026-03-19T21:43:14.225Z GET /api/books success count=1
2026-03-19T22:07:03.542Z GET /api/books profile=bf5fe41d-313f-4089-be9e-0b842ddb358e
2026-03-19T22:07:03.544Z GET /api/books profile=bf5fe41d-313f-4089-be9e-0b842ddb358e
2026-03-19T22:07:03.630Z GET /api/books query_error=column books.package_opf_storage_path does not exist
2026-03-19T22:07:03.631Z GET /api/books query_error=column books.package_opf_storage_path does not exist
2026-03-19T22:07:14.116Z GET /api/books profile=bf5fe41d-313f-4089-be9e-0b842ddb358e
2026-03-19T22:07:14.257Z GET /api/books query_error=column books.package_opf_storage_path does not exist
2026-03-19T22:08:14.841Z GET /api/books profile=bf5fe41d-313f-4089-be9e-0b842ddb358e
2026-03-19T22:08:14.997Z GET /api/books query_error=column books.package_opf_storage_path does not exist
2026-03-19T22:08:20.412Z GET /api/books profile=bf5fe41d-313f-4089-be9e-0b842ddb358e
2026-03-19T22:08:20.552Z GET /api/books query_error=column books.package_opf_storage_path does not exist
2026-03-19T22:12:19.977Z GET /api/books profile=bf5fe41d-313f-4089-be9e-0b842ddb358e
2026-03-19T22:12:20.340Z GET /api/books success count=1
2026-03-19T22:16:01.188Z GET /api/books profile=bf5fe41d-313f-4089-be9e-0b842ddb358e
2026-03-19T22:16:01.340Z GET /api/books success count=0
2026-03-19T22:16:20.085Z GET /api/books profile=bf5fe41d-313f-4089-be9e-0b842ddb358e
2026-03-19T22:16:20.152Z GET /api/books success count=1
2026-03-19T22:16:22.796Z GET /api/books profile=bf5fe41d-313f-4089-be9e-0b842ddb358e
2026-03-19T22:16:22.866Z GET /api/books success count=1
2026-03-19T22:16:32.149Z GET /api/books profile=bf5fe41d-313f-4089-be9e-0b842ddb358e
2026-03-19T22:16:32.218Z GET /api/books success count=0
2026-03-19T22:16:39.791Z GET /api/books profile=bf5fe41d-313f-4089-be9e-0b842ddb358e
2026-03-19T22:16:39.792Z GET /api/books profile=bf5fe41d-313f-4089-be9e-0b842ddb358e
2026-03-19T22:16:39.855Z GET /api/books success count=0
2026-03-19T22:16:39.862Z GET /api/books success count=0
2026-03-19T22:21:47.621Z GET /api/books profile=bf5fe41d-313f-4089-be9e-0b842ddb358e
2026-03-19T22:21:47.632Z GET /api/books profile=bf5fe41d-313f-4089-be9e-0b842ddb358e
2026-03-19T22:21:47.761Z GET /api/books success count=0
2026-03-19T22:21:47.763Z GET /api/books success count=0
2026-03-19T22:22:03.317Z GET /api/books profile=bf5fe41d-313f-4089-be9e-0b842ddb358e
2026-03-19T22:22:03.394Z GET /api/books success count=1
2026-03-19T22:23:08.275Z GET /api/books profile=bf5fe41d-313f-4089-be9e-0b842ddb358e
2026-03-19T22:23:08.403Z GET /api/books success count=0
2026-03-19T22:23:32.027Z GET /api/books profile=bf5fe41d-313f-4089-be9e-0b842ddb358e
2026-03-19T22:23:32.156Z GET /api/books success count=0
2026-03-19T22:26:47.087Z GET /api/books profile=bf5fe41d-313f-4089-be9e-0b842ddb358e
2026-03-19T22:26:47.210Z GET /api/books success count=0
2026-03-19T22:29:14.580Z GET /api/books profile=bf5fe41d-313f-4089-be9e-0b842ddb358e
2026-03-19T22:29:14.584Z GET /api/books profile=bf5fe41d-313f-4089-be9e-0b842ddb358e
2026-03-19T22:29:14.698Z GET /api/books success count=1
2026-03-19T22:29:14.710Z GET /api/books success count=1
2026-03-19T22:29:43.898Z GET /api/books profile=bf5fe41d-313f-4089-be9e-0b842ddb358e
2026-03-19T22:29:43.906Z GET /api/books profile=bf5fe41d-313f-4089-be9e-0b842ddb358e
2026-03-19T22:29:43.970Z GET /api/books success count=1
2026-03-19T22:29:43.977Z GET /api/books success count=1
2026-03-19T22:34:34.958Z GET /api/books profile=bf5fe41d-313f-4089-be9e-0b842ddb358e
2026-03-19T22:34:34.961Z GET /api/books profile=bf5fe41d-313f-4089-be9e-0b842ddb358e
2026-03-19T22:34:35.071Z GET /api/books success count=1
2026-03-19T22:34:35.072Z GET /api/books success count=1
2026-03-19T22:35:03.035Z GET /api/books profile=bf5fe41d-313f-4089-be9e-0b842ddb358e
2026-03-19T22:35:03.038Z GET /api/books profile=bf5fe41d-313f-4089-be9e-0b842ddb358e
2026-03-19T22:35:03.119Z GET /api/books success count=2
2026-03-19T22:35:03.120Z GET /api/books success count=2
2026-03-19T22:35:06.092Z GET /api/books profile=bf5fe41d-313f-4089-be9e-0b842ddb358e
2026-03-19T22:35:06.165Z GET /api/books success count=2
2026-03-19T22:35:14.006Z GET /api/books profile=bf5fe41d-313f-4089-be9e-0b842ddb358e
2026-03-19T22:35:14.022Z GET /api/books profile=bf5fe41d-313f-4089-be9e-0b842ddb358e
2026-03-19T22:35:14.075Z GET /api/books success count=2
2026-03-19T22:35:14.089Z GET /api/books success count=2
2026-03-19T22:35:23.047Z GET /api/books profile=bf5fe41d-313f-4089-be9e-0b842ddb358e
2026-03-19T22:35:23.101Z GET /api/books success count=0
2026-03-19T22:38:46.826Z GET /api/books profile=bf5fe41d-313f-4089-be9e-0b842ddb358e
2026-03-19T22:38:46.834Z GET /api/books profile=bf5fe41d-313f-4089-be9e-0b842ddb358e
2026-03-19T22:38:46.896Z GET /api/books success count=0
2026-03-19T22:38:46.901Z GET /api/books success count=0
2026-03-19T22:38:55.570Z GET /api/books profile=bf5fe41d-313f-4089-be9e-0b842ddb358e
2026-03-19T22:38:55.643Z GET /api/books success count=0
2026-03-19T22:39:39.820Z GET /api/books profile=bf5fe41d-313f-4089-be9e-0b842ddb358e
2026-03-19T22:39:39.822Z GET /api/books profile=bf5fe41d-313f-4089-be9e-0b842ddb358e
2026-03-19T22:39:39.891Z GET /api/books success count=1
2026-03-19T22:39:39.909Z GET /api/books success count=1
2026-03-19T22:40:39.890Z GET /api/books profile=bf5fe41d-313f-4089-be9e-0b842ddb358e
2026-03-19T22:40:39.894Z GET /api/books profile=bf5fe41d-313f-4089-be9e-0b842ddb358e
2026-03-19T22:40:40.000Z GET /api/books success count=1
2026-03-19T22:40:40.001Z GET /api/books success count=1
2026-03-19T22:40:58.435Z GET /api/books profile=bf5fe41d-313f-4089-be9e-0b842ddb358e
2026-03-19T22:40:58.579Z GET /api/books success count=1
2026-03-19T22:58:46.921Z GET /api/books profile=bf5fe41d-313f-4089-be9e-0b842ddb358e
2026-03-19T22:58:46.929Z GET /api/books profile=bf5fe41d-313f-4089-be9e-0b842ddb358e
2026-03-19T22:58:47.013Z GET /api/books success count=1
2026-03-19T22:58:47.022Z GET /api/books success count=1
2026-03-19T22:59:27.520Z GET /api/books profile=bf5fe41d-313f-4089-be9e-0b842ddb358e
2026-03-19T22:59:27.522Z GET /api/books profile=bf5fe41d-313f-4089-be9e-0b842ddb358e
2026-03-19T22:59:27.608Z GET /api/books success count=1
2026-03-19T22:59:27.633Z GET /api/books success count=1
2026-03-19T23:04:05.659Z GET /api/books profile=bf5fe41d-313f-4089-be9e-0b842ddb358e
2026-03-19T23:04:05.662Z GET /api/books profile=bf5fe41d-313f-4089-be9e-0b842ddb358e
2026-03-19T23:04:05.768Z GET /api/books success count=1
2026-03-19T23:04:05.769Z GET /api/books success count=1
2026-03-19T23:08:43.589Z GET /api/books profile=bf5fe41d-313f-4089-be9e-0b842ddb358e
2026-03-19T23:08:43.592Z GET /api/books profile=bf5fe41d-313f-4089-be9e-0b842ddb358e
2026-03-19T23:08:43.686Z GET /api/books success count=1
2026-03-19T23:08:43.700Z GET /api/books success count=1
2026-03-19T23:10:30.950Z GET /api/books profile=bf5fe41d-313f-4089-be9e-0b842ddb358e
2026-03-19T23:10:30.959Z GET /api/books profile=bf5fe41d-313f-4089-be9e-0b842ddb358e
2026-03-19T23:10:31.020Z GET /api/books success count=1
2026-03-19T23:10:31.032Z GET /api/books success count=1
2026-03-19T23:10:41.207Z GET /api/books profile=bf5fe41d-313f-4089-be9e-0b842ddb358e
2026-03-19T23:10:41.288Z GET /api/books success count=1
2026-03-19T23:19:03.581Z GET /api/books profile=bf5fe41d-313f-4089-be9e-0b842ddb358e
2026-03-19T23:19:03.596Z GET /api/books profile=bf5fe41d-313f-4089-be9e-0b842ddb358e
2026-03-19T23:19:03.671Z GET /api/books success count=1
2026-03-19T23:19:03.675Z GET /api/books success count=1
2026-03-19T23:19:42.588Z GET /api/books profile=bf5fe41d-313f-4089-be9e-0b842ddb358e
2026-03-19T23:19:42.595Z GET /api/books profile=bf5fe41d-313f-4089-be9e-0b842ddb358e
2026-03-19T23:19:42.660Z GET /api/books success count=1
2026-03-19T23:19:42.689Z GET /api/books success count=1
2026-03-19T23:21:50.927Z GET /api/books profile=bf5fe41d-313f-4089-be9e-0b842ddb358e
2026-03-19T23:21:51.057Z GET /api/books success count=1
2026-03-19T23:32:16.719Z GET /api/books profile=bf5fe41d-313f-4089-be9e-0b842ddb358e
2026-03-19T23:32:17.198Z GET /api/books success count=1
2026-03-19T23:56:05.485Z GET /api/books profile=bf5fe41d-313f-4089-be9e-0b842ddb358e
2026-03-19T23:56:05.505Z GET /api/books profile=bf5fe41d-313f-4089-be9e-0b842ddb358e
2026-03-19T23:56:05.738Z GET /api/books success count=1
2026-03-19T23:56:05.743Z GET /api/books success count=1
2026-03-19T23:56:21.686Z GET /api/books profile=bf5fe41d-313f-4089-be9e-0b842ddb358e
2026-03-19T23:56:21.800Z GET /api/books profile=bf5fe41d-313f-4089-be9e-0b842ddb358e
2026-03-19T23:56:21.908Z GET /api/books success count=1
2026-03-19T23:56:22.021Z GET /api/books success count=1
2026-03-19T23:56:41.130Z GET /api/books profile=bf5fe41d-313f-4089-be9e-0b842ddb358e
2026-03-19T23:56:41.232Z GET /api/books success count=1
2026-03-20T00:01:01.584Z GET /api/books profile=bf5fe41d-313f-4089-be9e-0b842ddb358e
2026-03-20T00:01:01.821Z GET /api/books success count=1
2026-03-20T00:06:00.862Z GET /api/books profile=bf5fe41d-313f-4089-be9e-0b842ddb358e
2026-03-20T00:06:00.878Z GET /api/books profile=bf5fe41d-313f-4089-be9e-0b842ddb358e
2026-03-20T00:06:01.111Z GET /api/books success count=1
2026-03-20T00:06:01.113Z GET /api/books success count=1
