[  -13317ms] [ERROR] Failed to load resource: the server responded with a status of 500 (Internal Server Error) @ http://localhost:3000/api/books/ce5c4480-7249-40f5-b252-429e40a8f793/annotations:0
[  -16630ms] [INFO] %cDownload the React DevTools for a better development experience: https://react.dev/link/react-devtools font-weight:bold @ webpack-internal:///(app-pages-browser)/./node_modules/next/dist/next-devtools/shared/forward-logs-shared.js:27
[  -16538ms] [LOG] [HMR] connected @ webpack-internal:///(app-pages-browser)/./node_modules/next/dist/next-devtools/shared/forward-logs-shared.js:27
[  -16531ms] [WARNING] ./packages/foliate-js/pdf.js
The generated code contains 'async/await' because this module is using "topLevelAwait".
However, your target environment does not appear to support 'async/await'.
As a result, the code may not run as expected or may cause runtime errors. @ webpack-internal:///(app-pages-browser)/./node_modules/next/dist/next-devtools/shared/forward-logs-shared.js:27
[  -16531ms] [WARNING] ./packages/foliate-js/pdf.js
The generated code contains 'async/await' because this module is using "topLevelAwait".
However, your target environment does not appear to support 'async/await'.
As a result, the code may not run as expected or may cause runtime errors. @ webpack-internal:///(app-pages-browser)/./node_modules/next/dist/next-devtools/shared/forward-logs-shared.js:27
[  -16377ms] [WARNING] Clerk: Clerk has been loaded with development keys. Development instances have strict usage limits and should not be used when deploying your application to production. Learn more: https://clerk.com/docs/deployments/overview @ webpack-internal:///(app-pages-browser)/./node_modules/next/dist/next-devtools/shared/forward-logs-shared.js:27
[  -16013ms] [WARNING] Clerk: Structural CSS detected that may break on updates.

Found:
  - CSS ".auth-card .cl-rootBox"
  - CSS ".auth-card .cl-cardBox"
  - CSS ".auth-card .cl-card"

These selectors depend on the internal DOM structure of Clerk's components, which may change when Clerk deploys component updates.
To prevent breaking changes, install @clerk/ui and pass it to ClerkProvider:

  import { ui } from '@clerk/ui'
  <ClerkProvider ui={ui}>

Learn more: https://clerk.com/docs/reference/components/versioning
(code=structural_css_pin_clerk_ui) @ webpack-internal:///(app-pages-browser)/./node_modules/next/dist/next-devtools/shared/forward-logs-shared.js:27
[  -13613ms] [LOG] [foliate reader] open() Object @ http://localhost:3000/foliate-js/reader.js:925
[  -13612ms] [LOG] [foliate] fetch EPUB: http://localhost:3000/api/books/ce5c4480-7249-40f5-b252-429e40a8f793/epub @ http://localhost:3000/foliate-js/view.js:76
[  -13316ms] [WARNING] [reader] Failed to load annotations: BooksApiError: Failed to load annotations
    at fetchBookAnnotations (webpack-internal:///(app-pages-browser)/./lib/books/api.ts:133:15)
    at async BookReaderPage.useCallback[handleIframeLoad] (webpack-internal:///(app-pages-browser)/./app/library/[id]/read/page.tsx:152:41) @ webpack-internal:///(app-pages-browser)/./node_modules/next/dist/next-devtools/shared/forward-logs-shared.js:27
[  -13076ms] [LOG] [foliate] EPUB bytes: 1983522 @ http://localhost:3000/foliate-js/view.js:84
[  -12952ms] [LOG] [foliate reader] book ready Object @ http://localhost:3000/foliate-js/reader.js:950
[  -12951ms] [LOG] [foliate reader] continuous-scroll: container not found in shadow DOM @ http://localhost:3000/foliate-js/reader.js:485
[  -12907ms] [LOG] [foliate reader] continuous-scroll: container not found in shadow DOM @ http://localhost:3000/foliate-js/reader.js:485
[  -12877ms] [LOG] [foliate reader] restored CFI: epubcfi(/6/40!/4,/2[filepos138143],/54/1:121) @ http://localhost:3000/foliate-js/reader.js:981
[  -12877ms] [LOG] [foliate reader] continuous-scroll: container not found in shadow DOM @ http://localhost:3000/foliate-js/reader.js:485
[  -12876ms] [LOG] [foliate reader] TOC init Object @ http://localhost:3000/foliate-js/reader.js:578
[  -12876ms] [LOG] [foliate reader] TOC rows: 148 @ http://localhost:3000/foliate-js/reader.js:584
[  -12875ms] [LOG] [foliate reader] continuous-scroll: container not found in shadow DOM @ http://localhost:3000/foliate-js/reader.js:485
